<?xml version="1.0" encoding="UTF-8"?>
<testsuite xmlns:xsi="http://www.w3.org/2001/XMLSchema-instance" xsi:noNamespaceSchemaLocation="https://maven.apache.org/surefire/maven-surefire-plugin/xsd/surefire-test-report.xsd" version="3.0.2" name="TestSuite" time="78.208" tests="8" errors="0" skipped="0" failures="0">
  <properties>
[...]
</properties>
  <testcase name="homePageTest" classname="testCases_OpenCart.HomePage_TC001" time="0.67">
    <system-out><![CDATA[2024-11-17T17:07:02.573080900Z main INFO Starting configuration XmlConfiguration[location=C:\Users\rames\eclipse-workspace\OpenCart_Pavan2024\target\test-classes\log4j2.xml, lastModified=2024-11-16T18:03:50.386Z]...
2024-11-17T17:07:02.574087700Z main INFO Start watching for changes to C:\Users\rames\eclipse-workspace\OpenCart_Pavan2024\target\test-classes\log4j2.xml every 0 seconds
2024-11-17T17:07:02.574087700Z main INFO Configuration XmlConfiguration[location=C:\Users\rames\eclipse-workspace\OpenCart_Pavan2024\target\test-classes\log4j2.xml, lastModified=2024-11-16T18:03:50.386Z] started.
2024-11-17T17:07:02.574087700Z main INFO Stopping configuration org.apache.logging.log4j.core.config.DefaultConfiguration@306f16f3...
2024-11-17T17:07:02.574087700Z main INFO Configuration org.apache.logging.log4j.core.config.DefaultConfiguration@306f16f3 stopped.
2024-11-17 22:37:02 WARN  TestNGContentHandler:133 - It is strongly recommended to add "<!DOCTYPE suite SYSTEM "https://testng.org/testng-1.1.dtd" >" at the top of the suite file [C:\Users\rames\eclipse-workspace\OpenCart_Pavan2024\openCartTestNG.xml] otherwise TestNG may fail or not work as expected.
2024-11-17 22:37:08 INFO  HomePage_TC001:104 - browser Opened
2024-11-17 22:37:08 INFO  HomePage_TC001:14 - =======Starting HomePage_TC001=======
2024-11-17 22:37:08 INFO  HomePage_TC001:25 - =======Finsihed HomePage_TC001=======
]]></system-out>
  </testcase>
  <testcase name="AccRegtest" classname="testCases_OpenCart.AccRegistration_TC002" time="1.814">
    <system-out><![CDATA[2024-11-17 22:37:08 INFO  HomePage_TC001:114 - browser closed
2024-11-17 22:37:11 INFO  AccRegistration_TC002:104 - browser Opened
2024-11-17 22:37:11 INFO  AccRegistration_TC002:18 - =======Starting AccRegistration_TC002=======
2024-11-17 22:37:13 INFO  AccRegistration_TC002:46 - =======Finished AccRegistration_TC002=======
]]></system-out>
  </testcase>
  <testcase name="Logintest" classname="testCases_OpenCart.Login_TC003" time="6.099">
    <system-out><![CDATA[2024-11-17 22:37:13 INFO  AccRegistration_TC002:114 - browser closed
2024-11-17 22:37:16 INFO  Login_TC003:104 - browser Opened
2024-11-17 22:37:16 INFO  Login_TC003:15 - =======Starting Login_TC003=======
2024-11-17 22:37:22 INFO  Login_TC003:35 - =======Finshed Login_TC003=======
]]></system-out>
  </testcase>
  <testcase name="testDDLogin[tomjerrytester@gmail.com, test@123, valid](1)" classname="testCases_OpenCart.DDLogin_TC_004" time="3.309">
    <system-out><![CDATA[2024-11-17 22:37:22 INFO  Login_TC003:114 - browser closed
2024-11-17 22:37:27 INFO  DDLogin_TC_004:104 - browser Opened
2024-11-17 22:37:35 INFO  DDLogin_TC_004:30 - ======Starting DDLogin_TC_004========
2024-11-17 22:37:38 INFO  DDLogin_TC_004:77 - ======Finished DDLogin_TC_004========
]]></system-out>
  </testcase>
  <testcase name="testDDLogin[abc123@gmail.com, test@123, valid](2)" classname="testCases_OpenCart.DDLogin_TC_004" time="4.155">
    <system-out><![CDATA[2024-11-17 22:37:38 INFO  DDLogin_TC_004:30 - ======Starting DDLogin_TC_004========
2024-11-17 22:37:42 INFO  DDLogin_TC_004:77 - ======Finished DDLogin_TC_004========
]]></system-out>
  </testcase>
  <testcase name="testDDLogin[test@test.com, test@123, invalid](3)" classname="testCases_OpenCart.DDLogin_TC_004" time="12.082">
    <system-out><![CDATA[2024-11-17 22:37:42 INFO  DDLogin_TC_004:30 - ======Starting DDLogin_TC_004========
2024-11-17 22:37:54 INFO  DDLogin_TC_004:77 - ======Finished DDLogin_TC_004========
]]></system-out>
  </testcase>
  <testcase name="testDDLogin[Testerram@gmail.com, ram@123, invalid](4)" classname="testCases_OpenCart.DDLogin_TC_004" time="11.284">
    <system-out><![CDATA[2024-11-17 22:37:54 INFO  DDLogin_TC_004:30 - ======Starting DDLogin_TC_004========
2024-11-17 22:38:05 INFO  DDLogin_TC_004:77 - ======Finished DDLogin_TC_004========
]]></system-out>
  </testcase>
  <testcase name="testDDLogin[SaroRamesh@gmail.com, SaroRamesh@1123, invalid](5)" classname="testCases_OpenCart.DDLogin_TC_004" time="11.271">
    <system-out><![CDATA[2024-11-17 22:38:05 INFO  DDLogin_TC_004:30 - ======Starting DDLogin_TC_004========
2024-11-17 22:38:17 INFO  DDLogin_TC_004:77 - ======Finished DDLogin_TC_004========
]]></system-out>
  </testcase>
</testsuite>