<?xml version="1.0" encoding="UTF-8"?>
<testng-results ignored="0" total="8" passed="8" failed="0" skipped="0">
  <reporter-output>
  </reporter-output>
  <suite started-at="2024-11-17T18:57:06 IST" name="OpenCart Functional Suite" finished-at="2024-11-17T18:57:56 IST" duration-ms="49876">
    <groups>
      <group name="Sanity">
        <method signature="AccRegistration_TC002.AccRegtest()[pri:0, instance:testCases_OpenCart.AccRegistration_TC002@4a3329b9]" name="AccRegtest" class="testCases_OpenCart.AccRegistration_TC002"/>
        <method signature="HomePage_TC001.homePageTest()[pri:0, instance:testCases_OpenCart.HomePage_TC001@666b83a4]" name="homePageTest" class="testCases_OpenCart.HomePage_TC001"/>
        <method signature="Login_TC003.Logintest()[pri:0, instance:testCases_OpenCart.Login_TC003@3dddefd8]" name="Logintest" class="testCases_OpenCart.Login_TC003"/>
      </group> <!-- Sanity -->
      <group name="DataDriven">
        <method signature="DDLogin_TC_004.testDDLogin(java.lang.String,java.lang.String,java.lang.String)[pri:0, instance:testCases_OpenCart.DDLogin_TC_004@160ac7fb]" name="testDDLogin" class="testCases_OpenCart.DDLogin_TC_004"/>
      </group> <!-- DataDriven -->
      <group name="Smoke">
        <method signature="AccRegistration_TC002.AccRegtest()[pri:0, instance:testCases_OpenCart.AccRegistration_TC002@4a3329b9]" name="AccRegtest" class="testCases_OpenCart.AccRegistration_TC002"/>
        <method signature="HomePage_TC001.homePageTest()[pri:0, instance:testCases_OpenCart.HomePage_TC001@666b83a4]" name="homePageTest" class="testCases_OpenCart.HomePage_TC001"/>
        <method signature="Login_TC003.Logintest()[pri:0, instance:testCases_OpenCart.Login_TC003@3dddefd8]" name="Logintest" class="testCases_OpenCart.Login_TC003"/>
      </group> <!-- Smoke -->
    </groups>
    <test started-at="2024-11-17T18:57:06 IST" name="Functional Tests" finished-at="2024-11-17T18:57:56 IST" duration-ms="49876">
      <class name="testCases_OpenCart.AccRegistration_TC002">
        <test-method is-config="true" signature="setUp(java.lang.String,java.lang.String)[pri:0, instance:testCases_OpenCart.AccRegistration_TC002@4a3329b9]" started-at="2024-11-17T18:57:10 IST" name="setUp" finished-at="2024-11-17T18:57:13 IST" duration-ms="2838" status="PASS">
          <params>
            <param index="0">
              <value>
                <![CDATA[windows]]>
              </value>
            </param>
            <param index="1">
              <value>
                <![CDATA[chrome]]>
              </value>
            </param>
          </params>
          <reporter-output>
          </reporter-output>
        </test-method> <!-- setUp -->
        <test-method signature="AccRegtest()[pri:0, instance:testCases_OpenCart.AccRegistration_TC002@4a3329b9]" started-at="2024-11-17T18:57:13 IST" name="AccRegtest" finished-at="2024-11-17T18:57:15 IST" duration-ms="1501" status="PASS">
          <reporter-output>
          </reporter-output>
        </test-method> <!-- AccRegtest -->
        <test-method is-config="true" signature="tearDown()[pri:0, instance:testCases_OpenCart.AccRegistration_TC002@4a3329b9]" started-at="2024-11-17T18:57:15 IST" name="tearDown" finished-at="2024-11-17T18:57:15 IST" duration-ms="150" status="PASS">
          <reporter-output>
          </reporter-output>
        </test-method> <!-- tearDown -->
      </class> <!-- testCases_OpenCart.AccRegistration_TC002 -->
      <class name="testCases_OpenCart.DDLogin_TC_004">
        <test-method is-config="true" signature="setUp(java.lang.String,java.lang.String)[pri:0, instance:testCases_OpenCart.DDLogin_TC_004@160ac7fb]" started-at="2024-11-17T18:57:18 IST" name="setUp" finished-at="2024-11-17T18:57:20 IST" duration-ms="1734" status="PASS">
          <params>
            <param index="0">
              <value>
                <![CDATA[windows]]>
              </value>
            </param>
            <param index="1">
              <value>
                <![CDATA[chrome]]>
              </value>
            </param>
          </params>
          <reporter-output>
          </reporter-output>
        </test-method> <!-- setUp -->
        <test-method signature="testDDLogin(java.lang.String,java.lang.String,java.lang.String)[pri:0, instance:testCases_OpenCart.DDLogin_TC_004@160ac7fb]" started-at="2024-11-17T18:57:21 IST" name="testDDLogin" data-provider="LoginData1" finished-at="2024-11-17T18:57:22 IST" duration-ms="1155" status="PASS">
          <params>
            <param index="0">
              <value>
                <![CDATA[tomjerrytester@gmail.com]]>
              </value>
            </param>
            <param index="1">
              <value>
                <![CDATA[test@123]]>
              </value>
            </param>
            <param index="2">
              <value>
                <![CDATA[valid]]>
              </value>
            </param>
          </params>
          <reporter-output>
          </reporter-output>
        </test-method> <!-- testDDLogin -->
        <test-method signature="testDDLogin(java.lang.String,java.lang.String,java.lang.String)[pri:0, instance:testCases_OpenCart.DDLogin_TC_004@160ac7fb]" started-at="2024-11-17T18:57:22 IST" name="testDDLogin" data-provider="LoginData1" finished-at="2024-11-17T18:57:23 IST" duration-ms="1050" status="PASS">
          <params>
            <param index="0">
              <value>
                <![CDATA[abc123@gmail.com]]>
              </value>
            </param>
            <param index="1">
              <value>
                <![CDATA[test@123]]>
              </value>
            </param>
            <param index="2">
              <value>
                <![CDATA[valid]]>
              </value>
            </param>
          </params>
          <reporter-output>
          </reporter-output>
        </test-method> <!-- testDDLogin -->
        <test-method signature="testDDLogin(java.lang.String,java.lang.String,java.lang.String)[pri:0, instance:testCases_OpenCart.DDLogin_TC_004@160ac7fb]" started-at="2024-11-17T18:57:23 IST" name="testDDLogin" data-provider="LoginData1" finished-at="2024-11-17T18:57:34 IST" duration-ms="11029" status="PASS">
          <params>
            <param index="0">
              <value>
                <![CDATA[test@test.com]]>
              </value>
            </param>
            <param index="1">
              <value>
                <![CDATA[test@123]]>
              </value>
            </param>
            <param index="2">
              <value>
                <![CDATA[invalid]]>
              </value>
            </param>
          </params>
          <reporter-output>
          </reporter-output>
        </test-method> <!-- testDDLogin -->
        <test-method signature="testDDLogin(java.lang.String,java.lang.String,java.lang.String)[pri:0, instance:testCases_OpenCart.DDLogin_TC_004@160ac7fb]" started-at="2024-11-17T18:57:34 IST" name="testDDLogin" data-provider="LoginData1" finished-at="2024-11-17T18:57:45 IST" duration-ms="10788" status="PASS">
          <params>
            <param index="0">
              <value>
                <![CDATA[Testerram@gmail.com]]>
              </value>
            </param>
            <param index="1">
              <value>
                <![CDATA[ram@123]]>
              </value>
            </param>
            <param index="2">
              <value>
                <![CDATA[invalid]]>
              </value>
            </param>
          </params>
          <reporter-output>
          </reporter-output>
        </test-method> <!-- testDDLogin -->
        <test-method signature="testDDLogin(java.lang.String,java.lang.String,java.lang.String)[pri:0, instance:testCases_OpenCart.DDLogin_TC_004@160ac7fb]" started-at="2024-11-17T18:57:45 IST" name="testDDLogin" data-provider="LoginData1" finished-at="2024-11-17T18:57:56 IST" duration-ms="10880" status="PASS">
          <params>
            <param index="0">
              <value>
                <![CDATA[SaroRamesh@gmail.com]]>
              </value>
            </param>
            <param index="1">
              <value>
                <![CDATA[SaroRamesh@1123]]>
              </value>
            </param>
            <param index="2">
              <value>
                <![CDATA[invalid]]>
              </value>
            </param>
          </params>
          <reporter-output>
          </reporter-output>
        </test-method> <!-- testDDLogin -->
        <test-method is-config="true" signature="tearDown()[pri:0, instance:testCases_OpenCart.DDLogin_TC_004@160ac7fb]" started-at="2024-11-17T18:57:56 IST" name="tearDown" finished-at="2024-11-17T18:57:56 IST" duration-ms="191" status="PASS">
          <reporter-output>
          </reporter-output>
        </test-method> <!-- tearDown -->
      </class> <!-- testCases_OpenCart.DDLogin_TC_004 -->
      <class name="testCases_OpenCart.Login_TC003">
        <test-method is-config="true" signature="setUp(java.lang.String,java.lang.String)[pri:0, instance:testCases_OpenCart.Login_TC003@3dddefd8]" started-at="2024-11-17T18:57:15 IST" name="setUp" finished-at="2024-11-17T18:57:17 IST" duration-ms="1820" status="PASS">
          <params>
            <param index="0">
              <value>
                <![CDATA[windows]]>
              </value>
            </param>
            <param index="1">
              <value>
                <![CDATA[chrome]]>
              </value>
            </param>
          </params>
          <reporter-output>
          </reporter-output>
        </test-method> <!-- setUp -->
        <test-method signature="Logintest()[pri:0, instance:testCases_OpenCart.Login_TC003@3dddefd8]" started-at="2024-11-17T18:57:17 IST" name="Logintest" finished-at="2024-11-17T18:57:18 IST" duration-ms="866" status="PASS">
          <reporter-output>
          </reporter-output>
        </test-method> <!-- Logintest -->
        <test-method is-config="true" signature="tearDown()[pri:0, instance:testCases_OpenCart.Login_TC003@3dddefd8]" started-at="2024-11-17T18:57:18 IST" name="tearDown" finished-at="2024-11-17T18:57:18 IST" duration-ms="167" status="PASS">
          <reporter-output>
          </reporter-output>
        </test-method> <!-- tearDown -->
      </class> <!-- testCases_OpenCart.Login_TC003 -->
      <class name="testCases_OpenCart.HomePage_TC001">
        <test-method is-config="true" signature="setUp(java.lang.String,java.lang.String)[pri:0, instance:testCases_OpenCart.HomePage_TC001@666b83a4]" started-at="2024-11-17T18:57:06 IST" name="setUp" finished-at="2024-11-17T18:57:10 IST" duration-ms="3660" status="PASS">
          <params>
            <param index="0">
              <value>
                <![CDATA[windows]]>
              </value>
            </param>
            <param index="1">
              <value>
                <![CDATA[chrome]]>
              </value>
            </param>
          </params>
          <reporter-output>
          </reporter-output>
        </test-method> <!-- setUp -->
        <test-method signature="homePageTest()[pri:0, instance:testCases_OpenCart.HomePage_TC001@666b83a4]" started-at="2024-11-17T18:57:10 IST" name="homePageTest" finished-at="2024-11-17T18:57:10 IST" duration-ms="311" status="PASS">
          <reporter-output>
          </reporter-output>
        </test-method> <!-- homePageTest -->
        <test-method is-config="true" signature="tearDown()[pri:0, instance:testCases_OpenCart.HomePage_TC001@666b83a4]" started-at="2024-11-17T18:57:10 IST" name="tearDown" finished-at="2024-11-17T18:57:10 IST" duration-ms="199" status="PASS">
          <reporter-output>
          </reporter-output>
        </test-method> <!-- tearDown -->
      </class> <!-- testCases_OpenCart.HomePage_TC001 -->
    </test> <!-- Functional Tests -->
  </suite> <!-- OpenCart Functional Suite -->
</testng-results>
