<?xml version="1.0" encoding="UTF-8"?>
<!-- Generated by org.testng.reporters.JUnitXMLReporter -->
<testsuite ignored="0" hostname="Tom" failures="0" tests="8" name="Functional Tests" time="49.876" errors="0" timestamp="2024-11-17T18:57:57 IST">
  <testcase classname="testCases_OpenCart.HomePage_TC001" name="homePageTest" time="0.311"/>
  <testcase classname="testCases_OpenCart.AccRegistration_TC002" name="AccRegtest" time="1.501"/>
  <testcase classname="testCases_OpenCart.Login_TC003" name="Logintest" time="0.866"/>
  <testcase classname="testCases_OpenCart.DDLogin_TC_004" name="testDDLogin" time="1.155"/>
  <testcase classname="testCases_OpenCart.DDLogin_TC_004" name="testDDLogin" time="1.05"/>
  <testcase classname="testCases_OpenCart.DDLogin_TC_004" name="testDDLogin" time="11.029"/>
  <testcase classname="testCases_OpenCart.DDLogin_TC_004" name="testDDLogin" time="10.788"/>
  <testcase classname="testCases_OpenCart.DDLogin_TC_004" name="testDDLogin" time="10.88"/>
</testsuite> <!-- Functional Tests -->
