<?xml version="1.0" encoding="UTF-8"?>
<!-- Generated by org.testng.reporters.JUnitXMLReporter -->
<testsuite ignored="0" hostname="Tom" failures="0" tests="8" name="Functional Tests" time="74.446" errors="0" timestamp="2024-11-17T22:38:19 IST">
  <testcase classname="testCases_OpenCart.HomePage_TC001" name="homePageTest" time="0.644"/>
  <testcase classname="testCases_OpenCart.AccRegistration_TC002" name="AccRegtest" time="1.822"/>
  <testcase classname="testCases_OpenCart.Login_TC003" name="Logintest" time="6.131"/>
  <testcase classname="testCases_OpenCart.DDLogin_TC_004" name="testDDLogin" time="3.294"/>
  <testcase classname="testCases_OpenCart.DDLogin_TC_004" name="testDDLogin" time="4.16"/>
  <testcase classname="testCases_OpenCart.DDLogin_TC_004" name="testDDLogin" time="12.078"/>
  <testcase classname="testCases_OpenCart.DDLogin_TC_004" name="testDDLogin" time="11.284"/>
  <testcase classname="testCases_OpenCart.DDLogin_TC_004" name="testDDLogin" time="11.271"/>
</testsuite> <!-- Functional Tests -->
